<?xml version="1.0" encoding="UTF-8"?>
<testng-results skipped="0" failed="0" total="1" passed="1">
  <reporter-output>
  </reporter-output>
  <suite name="Suite" duration-ms="13" started-at="2016-10-12T19:30:45Z" finished-at="2016-10-12T19:30:45Z">
    <groups>
    </groups>
    <test name="Test" duration-ms="13" started-at="2016-10-12T19:30:45Z" finished-at="2016-10-12T19:30:45Z">
      <class name="com.functionalTestSuite.TwoWayJourney">
        <test-method status="PASS" signature="check()[pri:0, instance:com.functionalTestSuite.TwoWayJourney@c818063]" name="check" duration-ms="5" started-at="2016-10-13T01:00:45Z" finished-at="2016-10-13T01:00:45Z">
          <reporter-output>
          </reporter-output>
        </test-method> <!-- check -->
      </class> <!-- com.functionalTestSuite.TwoWayJourney -->
    </test> <!-- Test -->
  </suite> <!-- Suite -->
</testng-results>
