<?xml version="1.0" encoding="UTF-8"?>
<testng-results skipped="0" failed="0" total="1" passed="1">
  <reporter-output>
  </reporter-output>
  <suite name="Default suite" duration-ms="43" started-at="2016-10-12T08:57:31Z" finished-at="2016-10-12T08:57:31Z">
    <groups>
    </groups>
    <test name="Default test" duration-ms="43" started-at="2016-10-12T08:57:31Z" finished-at="2016-10-12T08:57:31Z">
      <class name="com.functionalTestSuite.TwoWayJourney">
        <test-method status="PASS" signature="check()[pri:0, instance:com.functionalTestSuite.TwoWayJourney@6276ae34]" name="check" duration-ms="17" started-at="2016-10-12T14:27:31Z" finished-at="2016-10-12T14:27:31Z">
          <reporter-output>
          </reporter-output>
        </test-method> <!-- check -->
      </class> <!-- com.functionalTestSuite.TwoWayJourney -->
    </test> <!-- Default test -->
  </suite> <!-- Default suite -->
</testng-results>
